Build started 11/21/2021 5:26:41 PM.
     1>Project "C:\Users\user\Desktop\NEW-SP-PROJECT\tic-tac-toe\tic-tac-toe\tic-tac-toe.vcxproj" on node 2 (build target(s)).
     1>InitializeBuildStatus:
         Creating "Debug\tic-tac-toe.unsuccessfulbuild" because "AlwaysCreate" was specified.
       ClCompile:
         All outputs are up-to-date.
         C:\Program Files (x86)\Microsoft Visual Studio 10.0\VC\bin\CL.exe /c /ZI /nologo /W3 /WX- /Od /Oy- /D WIN32 /D _DEBUG /D _CONSOLE /D _UNICODE /D UNICODE /Gm /EHsc /RTC1 /MDd /GS /fp:precise /Zc:wchar_t /Zc:forScope /Yu"StdAfx.h" /Fp"Debug\tic-tac-toe.pch" /Fo"Debug\\" /Fd"Debug\vc100.pdb" /Gd /TP /analyze- /errorReport:prompt "tic-tac-toe.cpp"
         tic-tac-toe.cpp
     1>c:\users\user\desktop\new-sp-project\tic-tac-toe\tic-tac-toe\tic-tac-toe.cpp(131): warning C4018: '<' : signed/unsigned mismatch
     1>c:\users\user\desktop\new-sp-project\tic-tac-toe\tic-tac-toe\tic-tac-toe.cpp(992): warning C4244: 'argument' : conversion from 'long double' to 'unsigned int', possible loss of data
       ManifestResourceCompile:
         All outputs are up-to-date.
       Link:
         C:\Program Files (x86)\Microsoft Visual Studio 10.0\VC\bin\link.exe /ERRORREPORT:PROMPT /OUT:"C:\Users\user\Desktop\NEW-SP-PROJECT\tic-tac-toe\Debug\tic-tac-toe.exe" /INCREMENTAL /NOLOGO kernel32.lib user32.lib gdi32.lib winspool.lib comdlg32.lib advapi32.lib shell32.lib ole32.lib oleaut32.lib uuid.lib odbc32.lib odbccp32.lib /MANIFEST /ManifestFile:"Debug\tic-tac-toe.exe.intermediate.manifest" /MANIFESTUAC:"level='asInvoker' uiAccess='false'" /DEBUG /PDB:"C:\Users\user\Desktop\NEW-SP-PROJECT\tic-tac-toe\Debug\tic-tac-toe.pdb" /SUBSYSTEM:CONSOLE /TLBID:1 /DYNAMICBASE /NXCOMPAT /IMPLIB:"C:\Users\user\Desktop\NEW-SP-PROJECT\tic-tac-toe\Debug\tic-tac-toe.lib" /MACHINE:X86 "Debug\tic-tac-toe.exe.embed.manifest.res"
         Debug\stdafx.obj
         "Debug\tic-tac-toe.obj"
       Manifest:
         C:\Program Files (x86)\Microsoft SDKs\Windows\v7.0A\bin\mt.exe /nologo /verbose /out:"Debug\tic-tac-toe.exe.embed.manifest" /manifest "Debug\tic-tac-toe.exe.intermediate.manifest"
         All outputs are up-to-date.
       LinkEmbedManifest:
         All outputs are up-to-date.
         tic-tac-toe.vcxproj -> C:\Users\user\Desktop\NEW-SP-PROJECT\tic-tac-toe\Debug\tic-tac-toe.exe
       FinalizeBuildStatus:
         Deleting file "Debug\tic-tac-toe.unsuccessfulbuild".
         Touching "Debug\tic-tac-toe.lastbuildstate".
     1>Done Building Project "C:\Users\user\Desktop\NEW-SP-PROJECT\tic-tac-toe\tic-tac-toe\tic-tac-toe.vcxproj" (build target(s)).

Build succeeded.

Time Elapsed 00:00:03.78
